<?xml version="1.0" encoding="UTF-8"?>
<testng-results ignored="0" total="1" passed="1" failed="0" skipped="0">
  <reporter-output>
  </reporter-output>
  <suite started-at="2020-12-26T16:09:21Z" name="Default suite" finished-at="2020-12-26T16:09:26Z" duration-ms="5585">
    <groups>
    </groups>
    <test started-at="2020-12-26T16:09:21Z" name="Default test" finished-at="2020-12-26T16:09:26Z" duration-ms="5585">
      <class name="SignupTest">
        <test-method is-config="true" signature="beforeTest()[pri:0, instance:SignupTest@7bedc48a]" started-at="2020-12-26T16:09:21Z" name="beforeTest" finished-at="2020-12-26T16:09:25Z" duration-ms="4190" status="PASS">
          <reporter-output>
          </reporter-output>
        </test-method> <!-- beforeTest -->
        <test-method signature="signupTest()[pri:0, instance:SignupTest@7bedc48a]" started-at="2020-12-26T16:09:25Z" name="signupTest" finished-at="2020-12-26T16:09:26Z" duration-ms="1263" status="PASS">
          <reporter-output>
          </reporter-output>
        </test-method> <!-- signupTest -->
        <test-method is-config="true" signature="Close()[pri:0, instance:SignupTest@7bedc48a]" started-at="2020-12-26T16:09:26Z" name="Close" finished-at="2020-12-26T16:09:26Z" duration-ms="107" status="PASS">
          <reporter-output>
          </reporter-output>
        </test-method> <!-- Close -->
      </class> <!-- SignupTest -->
    </test> <!-- Default test -->
  </suite> <!-- Default suite -->
</testng-results>
